mode: atomic
github.com/user01/devport/cmd/env.go:25.13,30.2 4 1
github.com/user01/devport/cmd/env.go:32.51,34.16 2 14
github.com/user01/devport/cmd/env.go:34.16,36.3 1 1
github.com/user01/devport/cmd/env.go:38.2,39.16 2 13
github.com/user01/devport/cmd/env.go:39.16,41.3 1 1
github.com/user01/devport/cmd/env.go:43.2,44.16 2 12
github.com/user01/devport/cmd/env.go:44.16,46.3 1 1
github.com/user01/devport/cmd/env.go:48.2,49.21 2 11
github.com/user01/devport/cmd/env.go:49.21,51.3 1 10
github.com/user01/devport/cmd/env.go:53.2,55.68 2 11
github.com/user01/devport/cmd/env.go:55.68,59.22 4 10
github.com/user01/devport/cmd/env.go:59.22,61.4 1 1
github.com/user01/devport/cmd/env.go:62.3,63.12 2 9
github.com/user01/devport/cmd/env.go:63.12,73.4 1 8
github.com/user01/devport/cmd/env.go:73.9,75.4 1 1
github.com/user01/devport/cmd/env.go:76.3,76.13 1 9
github.com/user01/devport/cmd/env.go:77.17,79.3 1 2
github.com/user01/devport/cmd/env.go:81.2,86.56 2 9
github.com/user01/devport/cmd/env.go:86.56,88.3 1 1
github.com/user01/devport/cmd/env.go:90.2,91.12 2 8
github.com/user01/devport/cmd/free.go:23.13,27.2 3 1
github.com/user01/devport/cmd/free.go:30.42,35.2 4 3
github.com/user01/devport/cmd/free.go:37.55,39.16 2 14
github.com/user01/devport/cmd/free.go:39.16,41.3 1 1
github.com/user01/devport/cmd/free.go:43.2,44.16 2 13
github.com/user01/devport/cmd/free.go:44.16,46.3 1 1
github.com/user01/devport/cmd/free.go:48.2,48.17 1 12
github.com/user01/devport/cmd/free.go:48.17,49.77 1 3
github.com/user01/devport/cmd/free.go:49.77,52.4 2 1
github.com/user01/devport/cmd/free.go:53.3,53.69 1 2
github.com/user01/devport/cmd/free.go:53.69,56.4 2 1
github.com/user01/devport/cmd/free.go:56.18,58.4 1 1
github.com/user01/devport/cmd/free.go:59.3,60.13 2 1
github.com/user01/devport/cmd/free.go:63.2,64.20 2 9
github.com/user01/devport/cmd/free.go:64.20,66.53 1 6
github.com/user01/devport/cmd/free.go:66.53,68.17 2 2
github.com/user01/devport/cmd/free.go:68.17,70.5 1 1
github.com/user01/devport/cmd/free.go:71.9,73.4 1 4
github.com/user01/devport/cmd/free.go:74.8,77.17 2 3
github.com/user01/devport/cmd/free.go:77.17,79.4 1 1
github.com/user01/devport/cmd/free.go:80.3,81.17 2 2
github.com/user01/devport/cmd/free.go:81.17,83.4 1 1
github.com/user01/devport/cmd/free.go:84.3,84.16 1 1
github.com/user01/devport/cmd/free.go:87.2,88.9 2 6
github.com/user01/devport/cmd/free.go:88.9,90.3 1 1
github.com/user01/devport/cmd/free.go:92.2,92.98 1 5
github.com/user01/devport/cmd/free.go:92.98,95.3 2 1
github.com/user01/devport/cmd/free.go:97.2,98.68 2 4
github.com/user01/devport/cmd/free.go:98.68,101.3 2 3
github.com/user01/devport/cmd/free.go:101.17,103.3 1 1
github.com/user01/devport/cmd/free.go:105.2,106.12 2 3
github.com/user01/devport/cmd/free.go:109.61,110.32 1 2
github.com/user01/devport/cmd/free.go:110.32,111.21 1 1
github.com/user01/devport/cmd/free.go:111.21,113.4 1 1
github.com/user01/devport/cmd/free.go:115.2,115.11 1 1
github.com/user01/devport/cmd/get.go:34.13,40.2 5 1
github.com/user01/devport/cmd/get.go:42.51,44.16 2 18
github.com/user01/devport/cmd/get.go:44.16,46.3 1 1
github.com/user01/devport/cmd/get.go:48.2,49.16 2 17
github.com/user01/devport/cmd/get.go:49.16,51.3 1 1
github.com/user01/devport/cmd/get.go:53.2,54.16 2 16
github.com/user01/devport/cmd/get.go:54.16,56.3 1 1
github.com/user01/devport/cmd/get.go:58.2,59.21 2 15
github.com/user01/devport/cmd/get.go:59.21,61.3 1 14
github.com/user01/devport/cmd/get.go:63.2,66.68 3 15
github.com/user01/devport/cmd/get.go:66.68,73.22 4 13
github.com/user01/devport/cmd/get.go:73.22,75.4 1 2
github.com/user01/devport/cmd/get.go:76.3,77.12 2 11
github.com/user01/devport/cmd/get.go:77.12,87.4 1 9
github.com/user01/devport/cmd/get.go:87.9,89.4 1 2
github.com/user01/devport/cmd/get.go:90.3,90.13 1 11
github.com/user01/devport/cmd/get.go:91.17,93.3 1 4
github.com/user01/devport/cmd/get.go:95.2,95.17 1 11
github.com/user01/devport/cmd/get.go:95.17,100.3 4 3
github.com/user01/devport/cmd/get.go:102.2,103.12 2 8
github.com/user01/devport/cmd/init.go:30.13,36.2 5 1
github.com/user01/devport/cmd/init.go:38.52,40.16 2 18
github.com/user01/devport/cmd/init.go:40.16,42.3 1 1
github.com/user01/devport/cmd/init.go:44.2,45.16 2 17
github.com/user01/devport/cmd/init.go:45.16,47.3 1 1
github.com/user01/devport/cmd/init.go:49.2,50.16 2 16
github.com/user01/devport/cmd/init.go:50.16,52.3 1 1
github.com/user01/devport/cmd/init.go:54.2,55.21 2 15
github.com/user01/devport/cmd/init.go:55.21,57.3 1 14
github.com/user01/devport/cmd/init.go:59.2,61.68 2 15
github.com/user01/devport/cmd/init.go:61.68,68.22 4 14
github.com/user01/devport/cmd/init.go:68.22,70.4 1 1
github.com/user01/devport/cmd/init.go:71.3,72.12 2 13
github.com/user01/devport/cmd/init.go:72.12,82.4 1 12
github.com/user01/devport/cmd/init.go:82.9,84.4 1 1
github.com/user01/devport/cmd/init.go:85.3,85.13 1 13
github.com/user01/devport/cmd/init.go:86.17,88.3 1 2
github.com/user01/devport/cmd/init.go:91.2,92.56 2 13
github.com/user01/devport/cmd/init.go:92.56,94.3 1 1
github.com/user01/devport/cmd/init.go:96.2,102.44 5 12
github.com/user01/devport/cmd/init.go:102.44,104.9 2 12
github.com/user01/devport/cmd/init.go:104.9,105.51 1 10
github.com/user01/devport/cmd/init.go:105.51,107.5 1 1
github.com/user01/devport/cmd/init.go:107.10,109.5 1 9
github.com/user01/devport/cmd/init.go:114.2,114.30 1 12
github.com/user01/devport/cmd/init.go:114.30,116.9 2 11
github.com/user01/devport/cmd/init.go:116.9,117.60 1 9
github.com/user01/devport/cmd/init.go:117.60,119.5 1 1
github.com/user01/devport/cmd/init.go:119.10,121.5 1 8
github.com/user01/devport/cmd/init.go:125.2,125.12 1 12
github.com/user01/devport/cmd/init.go:128.38,129.13 1 12
github.com/user01/devport/cmd/init.go:129.13,131.3 1 8
github.com/user01/devport/cmd/init.go:132.2,132.10 1 4
github.com/user01/devport/cmd/init.go:136.44,138.16 2 15
github.com/user01/devport/cmd/init.go:138.16,140.3 1 1
github.com/user01/devport/cmd/init.go:142.2,143.51 2 14
github.com/user01/devport/cmd/init.go:143.51,145.3 1 2
github.com/user01/devport/cmd/init.go:148.2,149.35 2 12
github.com/user01/devport/cmd/init.go:149.35,150.55 1 2
github.com/user01/devport/cmd/init.go:150.55,152.4 1 1
github.com/user01/devport/cmd/init.go:153.8,155.3 1 10
github.com/user01/devport/cmd/init.go:157.2,164.55 5 11
github.com/user01/devport/cmd/init.go:168.45,171.39 3 11
github.com/user01/devport/cmd/init.go:171.39,173.3 1 2
github.com/user01/devport/cmd/init.go:175.2,176.49 2 9
github.com/user01/devport/cmd/init.go:176.49,177.35 1 9
github.com/user01/devport/cmd/init.go:177.35,179.4 1 2
github.com/user01/devport/cmd/init.go:182.2,182.59 1 7
github.com/user01/devport/cmd/init.go:182.59,184.3 1 1
github.com/user01/devport/cmd/init.go:185.2,187.50 2 7
github.com/user01/devport/cmd/list.go:25.13,29.2 3 1
github.com/user01/devport/cmd/list.go:31.52,33.16 2 7
github.com/user01/devport/cmd/list.go:33.16,35.3 1 1
github.com/user01/devport/cmd/list.go:37.2,38.16 2 6
github.com/user01/devport/cmd/list.go:38.16,40.3 1 1
github.com/user01/devport/cmd/list.go:42.2,42.27 1 5
github.com/user01/devport/cmd/list.go:42.27,43.19 1 1
github.com/user01/devport/cmd/list.go:43.19,46.4 2 0
github.com/user01/devport/cmd/list.go:47.3,48.13 2 1
github.com/user01/devport/cmd/list.go:52.2,57.32 3 4
github.com/user01/devport/cmd/list.go:57.32,59.3 1 5
github.com/user01/devport/cmd/list.go:60.2,60.39 1 4
github.com/user01/devport/cmd/list.go:60.39,62.3 1 1
github.com/user01/devport/cmd/list.go:64.2,64.18 1 4
github.com/user01/devport/cmd/list.go:64.18,75.26 3 1
github.com/user01/devport/cmd/list.go:75.26,85.4 1 1
github.com/user01/devport/cmd/list.go:86.3,88.13 3 1
github.com/user01/devport/cmd/list.go:91.2,98.21 3 3
github.com/user01/devport/cmd/list.go:98.21,103.3 1 1
github.com/user01/devport/cmd/list.go:105.2,106.25 2 3
github.com/user01/devport/cmd/list.go:106.25,112.22 2 4
github.com/user01/devport/cmd/list.go:112.22,117.4 1 1
github.com/user01/devport/cmd/list.go:118.3,118.22 1 4
github.com/user01/devport/cmd/list.go:120.2,121.12 2 3
github.com/user01/devport/cmd/reset.go:22.13,25.2 2 1
github.com/user01/devport/cmd/reset.go:27.56,29.16 2 12
github.com/user01/devport/cmd/reset.go:29.16,31.3 1 1
github.com/user01/devport/cmd/reset.go:33.2,34.16 2 11
github.com/user01/devport/cmd/reset.go:34.16,36.3 1 1
github.com/user01/devport/cmd/reset.go:39.2,40.20 2 10
github.com/user01/devport/cmd/reset.go:40.20,42.3 1 3
github.com/user01/devport/cmd/reset.go:42.8,44.17 2 7
github.com/user01/devport/cmd/reset.go:44.17,46.4 1 1
github.com/user01/devport/cmd/reset.go:47.3,47.16 1 6
github.com/user01/devport/cmd/reset.go:51.2,52.16 2 9
github.com/user01/devport/cmd/reset.go:52.16,54.3 1 1
github.com/user01/devport/cmd/reset.go:56.2,56.47 1 8
github.com/user01/devport/cmd/reset.go:56.47,57.97 1 4
github.com/user01/devport/cmd/reset.go:57.97,60.4 2 1
github.com/user01/devport/cmd/reset.go:64.2,68.68 4 7
github.com/user01/devport/cmd/reset.go:68.68,71.18 2 6
github.com/user01/devport/cmd/reset.go:71.18,80.4 4 3
github.com/user01/devport/cmd/reset.go:80.9,83.4 1 3
github.com/user01/devport/cmd/reset.go:85.3,89.18 3 6
github.com/user01/devport/cmd/reset.go:89.18,91.4 1 3
github.com/user01/devport/cmd/reset.go:92.3,92.22 1 6
github.com/user01/devport/cmd/reset.go:92.22,94.4 1 1
github.com/user01/devport/cmd/reset.go:96.3,101.18 5 5
github.com/user01/devport/cmd/reset.go:101.18,105.4 3 3
github.com/user01/devport/cmd/reset.go:105.9,107.25 2 2
github.com/user01/devport/cmd/reset.go:107.25,109.5 1 0
github.com/user01/devport/cmd/reset.go:110.4,112.21 3 2
github.com/user01/devport/cmd/reset.go:115.3,124.13 2 5
github.com/user01/devport/cmd/reset.go:125.17,127.3 1 2
github.com/user01/devport/cmd/reset.go:129.2,134.8 4 5
github.com/user01/devport/cmd/reset.go:134.8,135.65 1 5
github.com/user01/devport/cmd/reset.go:135.65,137.4 1 1
github.com/user01/devport/cmd/reset.go:137.9,139.4 1 4
github.com/user01/devport/cmd/reset.go:142.2,142.12 1 5
github.com/user01/devport/cmd/reset.go:146.38,147.22 1 3
github.com/user01/devport/cmd/reset.go:147.22,148.13 1 3
github.com/user01/devport/cmd/reset.go:148.13,150.4 1 3
github.com/user01/devport/cmd/reset.go:152.2,152.10 1 0
github.com/user01/devport/cmd/root.go:22.16,23.42 1 2
github.com/user01/devport/cmd/root.go:23.42,25.3 1 1
github.com/user01/devport/cmd/root.go:28.13,31.2 2 1
