mode: atomic
github.com/user01/devport/internal/registry/lock.go:20.46,22.2 1 22
github.com/user01/devport/internal/registry/lock.go:27.50,30.16 2 25
github.com/user01/devport/internal/registry/lock.go:30.16,32.3 1 1
github.com/user01/devport/internal/registry/lock.go:33.2,36.34 3 24
github.com/user01/devport/internal/registry/lock.go:36.34,38.3 1 2
github.com/user01/devport/internal/registry/lock.go:39.2,39.22 1 22
github.com/user01/devport/internal/registry/lock.go:39.22,41.3 1 22
github.com/user01/devport/internal/registry/registry.go:15.73,17.3 1 16
github.com/user01/devport/internal/registry/registry.go:26.46,28.2 1 33
github.com/user01/devport/internal/registry/registry.go:31.38,43.2 2 26
github.com/user01/devport/internal/registry/registry.go:48.54,52.24 3 16
github.com/user01/devport/internal/registry/registry.go:52.24,54.3 1 5
github.com/user01/devport/internal/registry/registry.go:55.2,55.16 1 11
github.com/user01/devport/internal/registry/registry.go:55.16,57.3 1 1
github.com/user01/devport/internal/registry/registry.go:59.2,59.20 1 10
github.com/user01/devport/internal/registry/registry.go:59.20,61.3 1 1
github.com/user01/devport/internal/registry/registry.go:63.2,64.51 2 9
github.com/user01/devport/internal/registry/registry.go:64.51,66.3 1 1
github.com/user01/devport/internal/registry/registry.go:69.2,69.24 1 8
github.com/user01/devport/internal/registry/registry.go:69.24,71.3 1 1
github.com/user01/devport/internal/registry/registry.go:72.2,72.25 1 7
github.com/user01/devport/internal/registry/registry.go:72.25,74.3 1 1
github.com/user01/devport/internal/registry/registry.go:75.2,75.28 1 7
github.com/user01/devport/internal/registry/registry.go:75.28,77.3 1 1
github.com/user01/devport/internal/registry/registry.go:79.2,79.18 1 7
github.com/user01/devport/internal/registry/registry.go:83.77,88.2 4 2
github.com/user01/devport/internal/registry/registry.go:92.42,94.2 1 19
github.com/user01/devport/internal/registry/registry.go:98.61,104.16 4 17
github.com/user01/devport/internal/registry/registry.go:104.16,106.3 1 1
github.com/user01/devport/internal/registry/registry.go:108.2,109.57 2 16
github.com/user01/devport/internal/registry/registry.go:109.57,111.3 1 1
github.com/user01/devport/internal/registry/registry.go:113.2,113.48 1 15
github.com/user01/devport/internal/registry/registry.go:113.48,116.3 2 1
github.com/user01/devport/internal/registry/registry.go:118.2,118.12 1 14
github.com/user01/devport/internal/registry/registry.go:123.57,127.16 2 17
github.com/user01/devport/internal/registry/registry.go:127.16,129.3 1 1
github.com/user01/devport/internal/registry/registry.go:130.2,132.40 2 16
github.com/user01/devport/internal/registry/registry.go:140.66,142.16 2 2
github.com/user01/devport/internal/registry/registry.go:142.16,144.3 1 0
github.com/user01/devport/internal/registry/registry.go:145.2,148.16 3 2
github.com/user01/devport/internal/registry/registry.go:148.16,150.3 1 0
github.com/user01/devport/internal/registry/registry.go:152.2,152.32 1 2
github.com/user01/devport/internal/registry/registry.go:152.32,154.3 1 1
github.com/user01/devport/internal/registry/registry.go:156.2,156.40 1 1
github.com/user01/devport/internal/registry/registry.go:160.46,162.2 1 4
github.com/user01/devport/internal/registry/registry.go:165.48,167.2 1 1
github.com/user01/devport/internal/registry/schema.go:49.48,66.2 1 27
